# JRE version: Java(TM) SE Runtime Environment (8.0_201-b09) (build 1.8.0_201-b09)
# Java VM: Java HotSpot(TM) 64-Bit Server VM (25.201-b09 mixed mode bsd-amd64 compressed oops)
Heap:
 PSYoungGen      total 315392K, used 1800K [0x0000000795580000, 0x00000007b6d80000, 0x00000007c0000000)
  eden space 90112K, 1% used [0x0000000795580000,0x0000000795742298,0x000000079ad80000)
  from space 225280K, 0% used [0x00000007a9180000,0x00000007a9180000,0x00000007b6d80000)
  to   space 229376K, 0% used [0x000000079ad80000,0x000000079ad80000,0x00000007a8d80000)
 ParOldGen       total 1398272K, used 1396034K [0x0000000740000000, 0x0000000795580000, 0x0000000795580000)
  object space 1398272K, 99% used [0x0000000740000000,0x00000007953508c8,0x0000000795580000)
 Metaspace       used 9861K, capacity 10180K, committed 10368K, reserved 1058816K
  class space    used 1197K, capacity 1312K, committed 1408K, reserved 1048576K
GC Heap History (10 events):
Event: 811.961 GC heap before
{Heap before GC invocations=66 (full 7):
 PSYoungGen      total 308736K, used 245696K [0x0000000795580000, 0x00000007b6700000, 0x00000007c0000000)
  eden space 75776K, 100% used [0x0000000795580000,0x0000000799f80000,0x0000000799f80000)
  from space 232960K, 72% used [0x00000007a8300000,0x00000007b28f0000,0x00000007b6680000)
  to   space 232960K, 0% used [0x0000000799f80000,0x0000000799f80000,0x00000007a8300000)
 ParOldGen       total 1398272K, used 1135599K [0x0000000740000000, 0x0000000795580000, 0x0000000795580000)
  object space 1398272K, 81% used [0x0000000740000000,0x00000007854fbf08,0x0000000795580000)
 Metaspace       used 9755K, capacity 10078K, committed 10240K, reserved 1058816K
  class space    used 1185K, capacity 1279K, committed 1280K, reserved 1048576K
Event: 812.605 GC heap after
Heap after GC invocations=66 (full 7):
 PSYoungGen      total 308736K, used 150464K [0x0000000795580000, 0x00000007b6d80000, 0x00000007c0000000)
  eden space 75776K, 0% used [0x0000000795580000,0x0000000795580000,0x0000000799f80000)
  from space 232960K, 64% used [0x0000000799f80000,0x00000007a3270000,0x00000007a8300000)
  to   space 232960K, 0% used [0x00000007a8a00000,0x00000007a8a00000,0x00000007b6d80000)
 ParOldGen       total 1398272K, used 1177007K [0x0000000740000000, 0x0000000795580000, 0x0000000795580000)
  object space 1398272K, 84% used [0x0000000740000000,0x0000000787d6bf08,0x0000000795580000)
 Metaspace       used 9755K, capacity 10078K, committed 10240K, reserved 1058816K
  class space    used 1185K, capacity 1279K, committed 1280K, reserved 1048576K
}
Event: 829.658 GC heap before
{Heap before GC invocations=67 (full 7):
 PSYoungGen      total 308736K, used 226240K [0x0000000795580000, 0x00000007b6d80000, 0x00000007c0000000)
  eden space 75776K, 100% used [0x0000000795580000,0x0000000799f80000,0x0000000799f80000)
  from space 232960K, 64% used [0x0000000799f80000,0x00000007a3270000,0x00000007a8300000)
  to   space 232960K, 0% used [0x00000007a8a00000,0x00000007a8a00000,0x00000007b6d80000)
 ParOldGen       total 1398272K, used 1177007K [0x0000000740000000, 0x0000000795580000, 0x0000000795580000)
  object space 1398272K, 84% used [0x0000000740000000,0x0000000787d6bf08,0x0000000795580000)
 Metaspace       used 9755K, capacity 10078K, committed 10240K, reserved 1058816K
  class space    used 1185K, capacity 1279K, committed 1280K, reserved 1048576K
Event: 830.391 GC heap after
Heap after GC invocations=67 (full 7):
 PSYoungGen      total 315904K, used 128384K [0x0000000795580000, 0x00000007b6d80000, 0x00000007c0000000)
  eden space 82944K, 0% used [0x0000000795580000,0x0000000795580000,0x000000079a680000)
  from space 232960K, 55% used [0x00000007a8a00000,0x00000007b0760000,0x00000007b6d80000)
  to   space 232960K, 0% used [0x000000079a680000,0x000000079a680000,0x00000007a8a00000)
 ParOldGen       total 1398272K, used 1221071K [0x0000000740000000, 0x0000000795580000, 0x0000000795580000)
  object space 1398272K, 87% used [0x0000000740000000,0x000000078a873f08,0x0000000795580000)
 Metaspace       used 9755K, capacity 10078K, committed 10240K, reserved 1058816K
  class space    used 1185K, capacity 1279K, committed 1280K, reserved 1048576K
}
Event: 860.398 GC heap before
{Heap before GC invocations=68 (full 7):
 PSYoungGen      total 315904K, used 211328K [0x0000000795580000, 0x00000007b6d80000, 0x00000007c0000000)
  eden space 82944K, 100% used [0x0000000795580000,0x000000079a680000,0x000000079a680000)
  from space 232960K, 55% used [0x00000007a8a00000,0x00000007b0760000,0x00000007b6d80000)
  to   space 232960K, 0% used [0x000000079a680000,0x000000079a680000,0x00000007a8a00000)
 ParOldGen       total 1398272K, used 1221071K [0x0000000740000000, 0x0000000795580000, 0x0000000795580000)
  object space 1398272K, 87% used [0x0000000740000000,0x000000078a873f08,0x0000000795580000)
 Metaspace       used 9861K, capacity 10180K, committed 10368K, reserved 1058816K
  class space    used 1197K, capacity 1312K, committed 1408K, reserved 1048576K
Event: 861.585 GC heap after
Heap after GC invocations=68 (full 7):
 PSYoungGen      total 315904K, used 107424K [0x0000000795580000, 0x00000007b7500000, 0x00000007c0000000)
  eden space 82944K, 0% used [0x0000000795580000,0x0000000795580000,0x000000079a680000)
  from space 232960K, 46% used [0x000000079a680000,0x00000007a0f68000,0x00000007a8a00000)
  to   space 232960K, 0% used [0x00000007a9180000,0x00000007a9180000,0x00000007b7500000)
 ParOldGen       total 1398272K, used 1266079K [0x0000000740000000, 0x0000000795580000, 0x0000000795580000)
  object space 1398272K, 90% used [0x0000000740000000,0x000000078d467f08,0x0000000795580000)
 Metaspace       used 9861K, capacity 10180K, committed 10368K, reserved 1058816K
  class space    used 1197K, capacity 1312K, committed 1408K, reserved 1048576K
}
Event: 883.318 GC heap before
{Heap before GC invocations=69 (full 7):
 PSYoungGen      total 315904K, used 190368K [0x0000000795580000, 0x00000007b7500000, 0x00000007c0000000)
  eden space 82944K, 100% used [0x0000000795580000,0x000000079a680000,0x000000079a680000)
  from space 232960K, 46% used [0x000000079a680000,0x00000007a0f68000,0x00000007a8a00000)
  to   space 232960K, 0% used [0x00000007a9180000,0x00000007a9180000,0x00000007b7500000)
 ParOldGen       total 1398272K, used 1266079K [0x0000000740000000, 0x0000000795580000, 0x0000000795580000)
  object space 1398272K, 90% used [0x0000000740000000,0x000000078d467f08,0x0000000795580000)
 Metaspace       used 9861K, capacity 10180K, committed 10368K, reserved 1058816K
  class space    used 1197K, capacity 1312K, committed 1408K, reserved 1048576K
Event: 883.779 GC heap after
Heap after GC invocations=69 (full 7):
 PSYoungGen      total 315392K, used 91232K [0x0000000795580000, 0x00000007b6d80000, 0x00000007c0000000)
  eden space 90112K, 0% used [0x0000000795580000,0x0000000795580000,0x000000079ad80000)
  from space 225280K, 40% used [0x00000007a9180000,0x00000007aea98000,0x00000007b6d80000)
  to   space 229376K, 0% used [0x000000079ad80000,0x000000079ad80000,0x00000007a8d80000)
 ParOldGen       total 1398272K, used 1306287K [0x0000000740000000, 0x0000000795580000, 0x0000000795580000)
  object space 1398272K, 93% used [0x0000000740000000,0x000000078fbabf08,0x0000000795580000)
 Metaspace       used 9861K, capacity 10180K, committed 10368K, reserved 1058816K
  class space    used 1197K, capacity 1312K, committed 1408K, reserved 1048576K
}
Event: 883.779 GC heap before
{Heap before GC invocations=70 (full 8):
 PSYoungGen      total 315392K, used 91232K [0x0000000795580000, 0x00000007b6d80000, 0x00000007c0000000)
  eden space 90112K, 0% used [0x0000000795580000,0x0000000795580000,0x000000079ad80000)
  from space 225280K, 40% used [0x00000007a9180000,0x00000007aea98000,0x00000007b6d80000)
  to   space 229376K, 0% used [0x000000079ad80000,0x000000079ad80000,0x00000007a8d80000)
 ParOldGen       total 1398272K, used 1306287K [0x0000000740000000, 0x0000000795580000, 0x0000000795580000)
  object space 1398272K, 93% used [0x0000000740000000,0x000000078fbabf08,0x0000000795580000)
 Metaspace       used 9861K, capacity 10180K, committed 10368K, reserved 1058816K
  class space    used 1197K, capacity 1312K, committed 1408K, reserved 1048576K
Event: 893.504 GC heap after
Heap after GC invocations=70 (full 8):
 PSYoungGen      total 315392K, used 0K [0x0000000795580000, 0x00000007b6d80000, 0x00000007c0000000)
  eden space 90112K, 0% used [0x0000000795580000,0x0000000795580000,0x000000079ad80000)
  from space 225280K, 0% used [0x00000007a9180000,0x00000007a9180000,0x00000007b6d80000)
  to   space 229376K, 0% used [0x000000079ad80000,0x000000079ad80000,0x00000007a8d80000)
 ParOldGen       total 1398272K, used 1396034K [0x0000000740000000, 0x0000000795580000, 0x0000000795580000)
  object space 1398272K, 99% used [0x0000000740000000,0x00000007953508c8,0x0000000795580000)
 Metaspace       used 9861K, capacity 10180K, committed 10368K, reserved 1058816K
  class space    used 1197K, capacity 1312K, committed 1408K, reserved 1048576K
}

